This is XeTeX, Version 3.141592653-2.6-0.999993 (TeX Live 2021) (preloaded format=xelatex 2021.9.14)  6 NOV 2021 16:12
entering extended mode
 restricted \write18 enabled.
 %&-line parsing enabled.
**Biometrie2.tex
(./Biometrie2.tex
LaTeX2e <2021-06-01> patch level 1
L3 programming layer <2021-08-27> (/usr/local/texlive/2021/texmf-dist/tex/latex
/base/article.cls
Document Class: article 2021/02/12 v1.4n Standard LaTeX document class
(/usr/local/texlive/2021/texmf-dist/tex/latex/base/size10.clo
File: size10.clo 2021/02/12 v1.4n Standard LaTeX file (size option)
)
\c@part=\count178
\c@section=\count179
\c@subsection=\count180
\c@subsubsection=\count181
\c@paragraph=\count182
\c@subparagraph=\count183
\c@figure=\count184
\c@table=\count185
\abovecaptionskip=\skip47
\belowcaptionskip=\skip48
\bibindent=\dimen138
) (/usr/local/texlive/2021/texmf-dist/tex/latex/amsmath/amsmath.sty
Package: amsmath 2021/04/20 v2.17j AMS math features
\@mathmargin=\skip49
For additional information on amsmath, use the `?' option.
(/usr/local/texlive/2021/texmf-dist/tex/latex/amsmath/amstext.sty
Package: amstext 2000/06/29 v2.01 AMS text
(/usr/local/texlive/2021/texmf-dist/tex/latex/amsmath/amsgen.sty
File: amsgen.sty 1999/11/30 v2.0 generic functions
\@emptytoks=\toks16
\ex@=\dimen139
)) (/usr/local/texlive/2021/texmf-dist/tex/latex/amsmath/amsbsy.sty
Package: amsbsy 1999/11/29 v1.2d Bold Symbols
\pmbraise@=\dimen140
) (/usr/local/texlive/2021/texmf-dist/tex/latex/amsmath/amsopn.sty
Package: amsopn 2016/03/08 v2.02 operator names
)
\inf@bad=\count186
LaTeX Info: Redefining \frac on input line 234.
\uproot@=\count187
\leftroot@=\count188
LaTeX Info: Redefining \overline on input line 399.
\classnum@=\count189
\DOTSCASE@=\count190
LaTeX Info: Redefining \ldots on input line 496.
LaTeX Info: Redefining \dots on input line 499.
LaTeX Info: Redefining \cdots on input line 620.
\Mathstrutbox@=\box50
\strutbox@=\box51
\big@size=\dimen141
LaTeX Font Info:    Redeclaring font encoding OML on input line 743.
LaTeX Font Info:    Redeclaring font encoding OMS on input line 744.
\macc@depth=\count191
\c@MaxMatrixCols=\count192
\dotsspace@=\muskip16
\c@parentequation=\count193
\dspbrk@lvl=\count194
\tag@help=\toks17
\row@=\count195
\column@=\count196
\maxfields@=\count197
\andhelp@=\toks18
\eqnshift@=\dimen142
\alignsep@=\dimen143
\tagshift@=\dimen144
\tagwidth@=\dimen145
\totwidth@=\dimen146
\lineht@=\dimen147
\@envbody=\toks19
\multlinegap=\skip50
\multlinetaggap=\skip51
\mathdisplay@stack=\toks20
LaTeX Info: Redefining \[ on input line 2923.
LaTeX Info: Redefining \] on input line 2924.
) (/usr/local/texlive/2021/texmf-dist/tex/latex/amsfonts/amssymb.sty
Package: amssymb 2013/01/14 v3.01 AMS font symbols
(/usr/local/texlive/2021/texmf-dist/tex/latex/amsfonts/amsfonts.sty
Package: amsfonts 2013/01/14 v3.01 Basic AMSFonts support
\symAMSa=\mathgroup4
\symAMSb=\mathgroup5
LaTeX Font Info:    Redeclaring math symbol \hbar on input line 98.
LaTeX Font Info:    Overwriting math alphabet `\mathfrak' in version `bold'
(Font)                  U/euf/m/n --> U/euf/b/n on input line 106.
)) (/usr/local/texlive/2021/texmf-dist/tex/latex/lm/lmodern.sty
Package: lmodern 2015/05/01 v1.6.1 Latin Modern Fonts
LaTeX Font Info:    Overwriting symbol font `operators' in version `normal'
(Font)                  OT1/cmr/m/n --> OT1/lmr/m/n on input line 22.
LaTeX Font Info:    Overwriting symbol font `letters' in version `normal'
(Font)                  OML/cmm/m/it --> OML/lmm/m/it on input line 23.
LaTeX Font Info:    Overwriting symbol font `symbols' in version `normal'
(Font)                  OMS/cmsy/m/n --> OMS/lmsy/m/n on input line 24.
LaTeX Font Info:    Overwriting symbol font `largesymbols' in version `normal'
(Font)                  OMX/cmex/m/n --> OMX/lmex/m/n on input line 25.
LaTeX Font Info:    Overwriting symbol font `operators' in version `bold'
(Font)                  OT1/cmr/bx/n --> OT1/lmr/bx/n on input line 26.
LaTeX Font Info:    Overwriting symbol font `letters' in version `bold'
(Font)                  OML/cmm/b/it --> OML/lmm/b/it on input line 27.
LaTeX Font Info:    Overwriting symbol font `symbols' in version `bold'
(Font)                  OMS/cmsy/b/n --> OMS/lmsy/b/n on input line 28.
LaTeX Font Info:    Overwriting symbol font `largesymbols' in version `bold'
(Font)                  OMX/cmex/m/n --> OMX/lmex/m/n on input line 29.
LaTeX Font Info:    Overwriting math alphabet `\mathbf' in version `normal'
(Font)                  OT1/cmr/bx/n --> OT1/lmr/bx/n on input line 31.
LaTeX Font Info:    Overwriting math alphabet `\mathsf' in version `normal'
(Font)                  OT1/cmss/m/n --> OT1/lmss/m/n on input line 32.
LaTeX Font Info:    Overwriting math alphabet `\mathit' in version `normal'
(Font)                  OT1/cmr/m/it --> OT1/lmr/m/it on input line 33.
LaTeX Font Info:    Overwriting math alphabet `\mathtt' in version `normal'
(Font)                  OT1/cmtt/m/n --> OT1/lmtt/m/n on input line 34.
LaTeX Font Info:    Overwriting math alphabet `\mathbf' in version `bold'
(Font)                  OT1/cmr/bx/n --> OT1/lmr/bx/n on input line 35.
LaTeX Font Info:    Overwriting math alphabet `\mathsf' in version `bold'
(Font)                  OT1/cmss/bx/n --> OT1/lmss/bx/n on input line 36.
LaTeX Font Info:    Overwriting math alphabet `\mathit' in version `bold'
(Font)                  OT1/cmr/bx/it --> OT1/lmr/bx/it on input line 37.
LaTeX Font Info:    Overwriting math alphabet `\mathtt' in version `bold'
(Font)                  OT1/cmtt/m/n --> OT1/lmtt/m/n on input line 38.
) (/usr/local/texlive/2021/texmf-dist/tex/generic/iftex/ifxetex.sty
Package: ifxetex 2019/10/25 v0.7 ifxetex legacy package. Use iftex instead.
(/usr/local/texlive/2021/texmf-dist/tex/generic/iftex/iftex.sty
Package: iftex 2020/03/06 v1.0d TeX engine tests
)) (/usr/local/texlive/2021/texmf-dist/tex/generic/iftex/ifluatex.sty
Package: ifluatex 2019/10/25 v1.5 ifluatex legacy package. Use iftex instead.
) (/usr/local/texlive/2021/texmf-dist/tex/latex/unicode-math/unicode-math.sty (
/usr/local/texlive/2021/texmf-dist/tex/latex/l3kernel/expl3.sty
Package: expl3 2021-08-27 L3 programming layer (loader) 
(/usr/local/texlive/2021/texmf-dist/tex/latex/l3backend/l3backend-xetex.def
File: l3backend-xetex.def 2021-08-04 L3 backend support: XeTeX
(|extractbb --version)
\c__kernel_sys_dvipdfmx_version_int=\count198
\l__color_backend_stack_int=\count199
\g__color_backend_stack_int=\count266
\g__graphics_track_int=\count267
\l__pdf_internal_box=\box52
\g__pdf_backend_object_int=\count268
\g__pdf_backend_annotation_int=\count269
\g__pdf_backend_link_int=\count270
))
Package: unicode-math 2020/01/31 v0.8q Unicode maths in XeLaTeX and LuaLaTeX

(/usr/local/texlive/2021/texmf-dist/tex/latex/unicode-math/unicode-math-xetex.s
ty
Package: unicode-math-xetex 2020/01/31 v0.8q Unicode maths in XeLaTeX and LuaLa
TeX
(/usr/local/texlive/2021/texmf-dist/tex/latex/l3packages/xparse/xparse.sty
Package: xparse 2021-08-27 L3 Experimental document command parser
) (/usr/local/texlive/2021/texmf-dist/tex/latex/l3packages/l3keys2e/l3keys2e.st
y
Package: l3keys2e 2021-08-27 LaTeX2e option processing using LaTeX3 keys
) (/usr/local/texlive/2021/texmf-dist/tex/latex/fontspec/fontspec.sty
Package: fontspec 2020/02/21 v2.7i Font selection for XeLaTeX and LuaLaTeX
(/usr/local/texlive/2021/texmf-dist/tex/latex/fontspec/fontspec-xetex.sty
Package: fontspec-xetex 2020/02/21 v2.7i Font selection for XeLaTeX and LuaLaTe
X
\l__fontspec_script_int=\count271
\l__fontspec_language_int=\count272
\l__fontspec_strnum_int=\count273
\l__fontspec_tmp_int=\count274
\l__fontspec_tmpa_int=\count275
\l__fontspec_tmpb_int=\count276
\l__fontspec_tmpc_int=\count277
\l__fontspec_em_int=\count278
\l__fontspec_emdef_int=\count279
\l__fontspec_strong_int=\count280
\l__fontspec_strongdef_int=\count281
\l__fontspec_tmpa_dim=\dimen148
\l__fontspec_tmpb_dim=\dimen149
\l__fontspec_tmpc_dim=\dimen150
(/usr/local/texlive/2021/texmf-dist/tex/latex/base/fontenc.sty
Package: fontenc 2021/04/29 v2.0v Standard LaTeX package
) (/usr/local/texlive/2021/texmf-dist/tex/latex/fontspec/fontspec.cfg))) (/usr/
local/texlive/2021/texmf-dist/tex/latex/base/fix-cm.sty
Package: fix-cm 2020/11/24 v1.1t fixes to LaTeX
(/usr/local/texlive/2021/texmf-dist/tex/latex/base/ts1enc.def
File: ts1enc.def 2001/06/05 v3.0e (jk/car/fm) Standard LaTeX file
LaTeX Font Info:    Redeclaring font encoding TS1 on input line 47.
))
\g__um_fam_int=\count282
\g__um_fonts_used_int=\count283
\l__um_primecount_int=\count284
\g__um_primekern_muskip=\muskip17

(/usr/local/texlive/2021/texmf-dist/tex/latex/unicode-math/unicode-math-table.t
ex))) (/usr/local/texlive/2021/texmf-dist/tex/latex/upquote/upquote.sty
Package: upquote 2012/04/19 v1.3 upright-quote and grave-accent glyphs in verba
tim
(/usr/local/texlive/2021/texmf-dist/tex/latex/base/textcomp.sty
Package: textcomp 2020/02/02 v2.0n Standard LaTeX package
)) (/usr/local/texlive/2021/texmf-dist/tex/latex/microtype/microtype.sty
Package: microtype 2021/03/14 v2.8c Micro-typographical refinements (RS)
(/usr/local/texlive/2021/texmf-dist/tex/latex/graphics/keyval.sty
Package: keyval 2014/10/28 v1.15 key=value parser (DPC)
\KV@toks@=\toks21
)
\MT@toks=\toks22
\MT@count=\count285
LaTeX Info: Redefining \textls on input line 790.
\MT@outer@kern=\dimen151
LaTeX Info: Redefining \textmicrotypecontext on input line 1374.
\MT@listname@count=\count286
(/usr/local/texlive/2021/texmf-dist/tex/latex/microtype/microtype-xetex.def
File: microtype-xetex.def 2021/03/14 v2.8c Definitions specific to xetex (RS)
LaTeX Info: Redefining \lsstyle on input line 254.
)
Package microtype Info: Loading configuration file microtype.cfg.
(/usr/local/texlive/2021/texmf-dist/tex/latex/microtype/microtype.cfg
File: microtype.cfg 2021/03/14 v2.8c microtype main configuration file (RS)
)) (/usr/local/texlive/2021/texmf-dist/tex/latex/parskip/parskip.sty
Package: parskip 2021-03-14 v2.0h non-zero parskip adjustments
(/usr/local/texlive/2021/texmf-dist/tex/latex/kvoptions/kvoptions.sty
Package: kvoptions 2020-10-07 v3.14 Key value format for package options (HO)
(/usr/local/texlive/2021/texmf-dist/tex/generic/ltxcmds/ltxcmds.sty
Package: ltxcmds 2020-05-10 v1.25 LaTeX kernel commands for general use (HO)
) (/usr/local/texlive/2021/texmf-dist/tex/generic/kvsetkeys/kvsetkeys.sty
Package: kvsetkeys 2019/12/15 v1.18 Key value parser (HO)
)) (/usr/local/texlive/2021/texmf-dist/tex/latex/etoolbox/etoolbox.sty
Package: etoolbox 2020/10/05 v2.5k e-TeX tools for LaTeX (JAW)
\etb@tempcnta=\count287
)) (/usr/local/texlive/2021/texmf-dist/tex/latex/xcolor/xcolor.sty
Package: xcolor 2016/05/11 v2.12 LaTeX color extensions (UK)
(/usr/local/texlive/2021/texmf-dist/tex/latex/graphics-cfg/color.cfg
File: color.cfg 2016/01/02 v1.6 sample color configuration
)
Package xcolor Info: Driver file: xetex.def on input line 225.
(/usr/local/texlive/2021/texmf-dist/tex/latex/graphics-def/xetex.def
File: xetex.def 2021/03/18 v5.0k Graphics/color driver for xetex
)
Package xcolor Info: Model `cmy' substituted by `cmy0' on input line 1348.
Package xcolor Info: Model `RGB' extended on input line 1364.
Package xcolor Info: Model `HTML' substituted by `rgb' on input line 1366.
Package xcolor Info: Model `Hsb' substituted by `hsb' on input line 1367.
Package xcolor Info: Model `tHsb' substituted by `hsb' on input line 1368.
Package xcolor Info: Model `HSB' substituted by `hsb' on input line 1369.
Package xcolor Info: Model `Gray' substituted by `gray' on input line 1370.
Package xcolor Info: Model `wave' substituted by `hsb' on input line 1371.
(/usr/local/texlive/2021/texmf-dist/tex/latex/graphics/dvipsnam.def
File: dvipsnam.def 2016/06/17 v3.0m Driver-dependent file (DPC,SPQR)
) (/usr/local/texlive/2021/texmf-dist/tex/latex/xcolor/svgnam.def
File: svgnam.def 2016/05/11 v2.12 Predefined colors according to SVG 1.1 (UK)
) (/usr/local/texlive/2021/texmf-dist/tex/latex/xcolor/x11nam.def
File: x11nam.def 2016/05/11 v2.12 Predefined colors according to Unix/X11 (UK)
)) (/usr/local/texlive/2021/texmf-dist/tex/latex/xurl/xurl.sty
Package: xurl 2020/12/30 v 0.09a modify URL breaks
(/usr/local/texlive/2021/texmf-dist/tex/latex/url/url.sty
\Urlmuskip=\muskip18
Package: url 2013/09/16  ver 3.4  Verb mode for urls, etc.
)) (/usr/local/texlive/2021/texmf-dist/tex/latex/bookmark/bookmark.sty
Package: bookmark 2020-11-06 v1.29 PDF bookmarks (HO)
(/usr/local/texlive/2021/texmf-dist/tex/latex/hyperref/hyperref.sty
Package: hyperref 2021-06-07 v7.00m Hypertext links for LaTeX
(/usr/local/texlive/2021/texmf-dist/tex/generic/pdftexcmds/pdftexcmds.sty
Package: pdftexcmds 2020-06-27 v0.33 Utility functions of pdfTeX for LuaTeX (HO
)
(/usr/local/texlive/2021/texmf-dist/tex/generic/infwarerr/infwarerr.sty
Package: infwarerr 2019/12/03 v1.5 Providing info/warning/error messages (HO)
)
Package pdftexcmds Info: \pdf@primitive is available.
Package pdftexcmds Info: \pdf@ifprimitive is available.
Package pdftexcmds Info: \pdfdraftmode not found.
) (/usr/local/texlive/2021/texmf-dist/tex/generic/kvdefinekeys/kvdefinekeys.sty
Package: kvdefinekeys 2019-12-19 v1.6 Define keys (HO)
) (/usr/local/texlive/2021/texmf-dist/tex/generic/pdfescape/pdfescape.sty
Package: pdfescape 2019/12/09 v1.15 Implements pdfTeX's escape features (HO)
) (/usr/local/texlive/2021/texmf-dist/tex/latex/hycolor/hycolor.sty
Package: hycolor 2020-01-27 v1.10 Color options for hyperref/bookmark (HO)
) (/usr/local/texlive/2021/texmf-dist/tex/latex/letltxmacro/letltxmacro.sty
Package: letltxmacro 2019/12/03 v1.6 Let assignment for LaTeX macros (HO)
) (/usr/local/texlive/2021/texmf-dist/tex/latex/auxhook/auxhook.sty
Package: auxhook 2019-12-17 v1.6 Hooks for auxiliary files (HO)
)
\@linkdim=\dimen152
\Hy@linkcounter=\count288
\Hy@pagecounter=\count289
(/usr/local/texlive/2021/texmf-dist/tex/latex/hyperref/pd1enc.def
File: pd1enc.def 2021-06-07 v7.00m Hyperref: PDFDocEncoding definition (HO)
)
(/usr/local/texlive/2021/texmf-dist/tex/latex/hyperref/hyperref-langpatches.def
File: hyperref-langpatches.def 2021-06-07 v7.00m Hyperref: patches for babel la
nguages
) (/usr/local/texlive/2021/texmf-dist/tex/generic/intcalc/intcalc.sty
Package: intcalc 2019/12/15 v1.3 Expandable calculations with integers (HO)
) (/usr/local/texlive/2021/texmf-dist/tex/generic/etexcmds/etexcmds.sty
Package: etexcmds 2019/12/15 v1.7 Avoid name clashes with e-TeX commands (HO)
)
\Hy@SavedSpaceFactor=\count290
(/usr/local/texlive/2021/texmf-dist/tex/latex/hyperref/puenc.def
File: puenc.def 2021-06-07 v7.00m Hyperref: PDF Unicode definition (HO)
)
Package hyperref Info: Option `unicode' set `true' on input line 4073.
Package hyperref Info: Hyper figures OFF on input line 4192.
Package hyperref Info: Link nesting OFF on input line 4197.
Package hyperref Info: Hyper index ON on input line 4200.
Package hyperref Info: Plain pages OFF on input line 4207.
Package hyperref Info: Backreferencing OFF on input line 4212.
Package hyperref Info: Implicit mode ON; LaTeX internals redefined.
Package hyperref Info: Bookmarks ON on input line 4445.
\c@Hy@tempcnt=\count291
LaTeX Info: Redefining \url on input line 4804.
\XeTeXLinkMargin=\dimen153
(/usr/local/texlive/2021/texmf-dist/tex/generic/bitset/bitset.sty
Package: bitset 2019/12/09 v1.3 Handle bit-vector datatype (HO)
(/usr/local/texlive/2021/texmf-dist/tex/generic/bigintcalc/bigintcalc.sty
Package: bigintcalc 2019/12/15 v1.5 Expandable calculations on big integers (HO
)
))
\Fld@menulength=\count292
\Field@Width=\dimen154
\Fld@charsize=\dimen155
Package hyperref Info: Hyper figures OFF on input line 6076.
Package hyperref Info: Link nesting OFF on input line 6081.
Package hyperref Info: Hyper index ON on input line 6084.
Package hyperref Info: backreferencing OFF on input line 6091.
Package hyperref Info: Link coloring OFF on input line 6096.
Package hyperref Info: Link coloring with OCG OFF on input line 6101.
Package hyperref Info: PDF/A mode OFF on input line 6106.
LaTeX Info: Redefining \ref on input line 6146.
LaTeX Info: Redefining \pageref on input line 6150.
(/usr/local/texlive/2021/texmf-dist/tex/latex/base/atbegshi-ltx.sty
Package: atbegshi-ltx 2021/01/10 v1.0c Emulation of the original atbegshi
package with kernel methods
)
\Hy@abspage=\count293
\c@Item=\count294
\c@Hfootnote=\count295
)
Package hyperref Info: Driver (autodetected): hxetex.
(/usr/local/texlive/2021/texmf-dist/tex/latex/hyperref/hxetex.def
File: hxetex.def 2021-06-07 v7.00m Hyperref driver for XeTeX
(/usr/local/texlive/2021/texmf-dist/tex/generic/stringenc/stringenc.sty
Package: stringenc 2019/11/29 v1.12 Convert strings between diff. encodings (HO
)
)
\pdfm@box=\box53
\c@Hy@AnnotLevel=\count296
\HyField@AnnotCount=\count297
\Fld@listcount=\count298
\c@bookmark@seq@number=\count299

(/usr/local/texlive/2021/texmf-dist/tex/latex/rerunfilecheck/rerunfilecheck.sty
Package: rerunfilecheck 2019/12/05 v1.9 Rerun checks for auxiliary files (HO)
(/usr/local/texlive/2021/texmf-dist/tex/latex/base/atveryend-ltx.sty
Package: atveryend-ltx 2020/08/19 v1.0a Emulation of the original atvery packag
e
with kernel methods
)
(/usr/local/texlive/2021/texmf-dist/tex/generic/uniquecounter/uniquecounter.sty
Package: uniquecounter 2019/12/15 v1.4 Provide unlimited unique counter (HO)
)
Package uniquecounter Info: New unique counter `rerunfilecheck' on input line 2
86.
)
\Hy@SectionHShift=\skip52
) (/usr/local/texlive/2021/texmf-dist/tex/latex/bookmark/bkm-dvipdfm.def
File: bkm-dvipdfm.def 2020-11-06 v1.29 bookmark driver for dvipdfm (HO)
\BKM@id=\count300
))
Package hyperref Info: Option `colorlinks' set `true' on input line 48.
(/usr/local/texlive/2021/texmf-dist/tex/latex/geometry/geometry.sty
Package: geometry 2020/01/02 v5.9 Page Geometry
(/usr/local/texlive/2021/texmf-dist/tex/generic/iftex/ifvtex.sty
Package: ifvtex 2019/10/25 v1.7 ifvtex legacy package. Use iftex instead.
)
\Gm@cnth=\count301
\Gm@cntv=\count302
\c@Gm@tempcnt=\count303
\Gm@bindingoffset=\dimen156
\Gm@wd@mp=\dimen157
\Gm@odd@mp=\dimen158
\Gm@even@mp=\dimen159
\Gm@layoutwidth=\dimen160
\Gm@layoutheight=\dimen161
\Gm@layouthoffset=\dimen162
\Gm@layoutvoffset=\dimen163
\Gm@dimlist=\toks23
) (/usr/local/texlive/2021/texmf-dist/tex/latex/fancyvrb/fancyvrb.sty
Package: fancyvrb 2021/08/12 v3.8 verbatim text (tvz,hv)
\FV@CodeLineNo=\count304
\FV@InFile=\read2
\FV@TabBox=\box54
\c@FancyVerbLine=\count305
\FV@StepNumber=\count306
\FV@OutFile=\write3
) (/usr/local/texlive/2021/texmf-dist/tex/latex/framed/framed.sty
Package: framed 2011/10/22 v 0.96: framed or shaded text with page breaks
\OuterFrameSep=\skip53
\fb@frw=\dimen164
\fb@frh=\dimen165
\FrameRule=\dimen166
\FrameSep=\dimen167
) (/usr/local/texlive/2021/texmf-dist/tex/latex/tools/longtable.sty
Package: longtable 2021-05-07 v4.16 Multi-page Table package (DPC)
\LTleft=\skip54
\LTright=\skip55
\LTpre=\skip56
\LTpost=\skip57
\LTchunksize=\count307
\LTcapwidth=\dimen168
\LT@head=\box55
\LT@firsthead=\box56
\LT@foot=\box57
\LT@lastfoot=\box58
\LT@gbox=\box59
\LT@cols=\count308
\LT@rows=\count309
\c@LT@tables=\count310
\c@LT@chunks=\count311
\LT@p@ftn=\toks24
) (/usr/local/texlive/2021/texmf-dist/tex/latex/booktabs/booktabs.sty
Package: booktabs 2020/01/12 v1.61803398 Publication quality tables
\heavyrulewidth=\dimen169
\lightrulewidth=\dimen170
\cmidrulewidth=\dimen171
\belowrulesep=\dimen172
\belowbottomsep=\dimen173
\aboverulesep=\dimen174
\abovetopsep=\dimen175
\cmidrulesep=\dimen176
\cmidrulekern=\dimen177
\defaultaddspace=\dimen178
\@cmidla=\count312
\@cmidlb=\count313
\@aboverulesep=\dimen179
\@belowrulesep=\dimen180
\@thisruleclass=\count314
\@lastruleclass=\count315
\@thisrulewidth=\dimen181
) (/usr/local/texlive/2021/texmf-dist/tex/latex/tools/array.sty
Package: array 2021/04/20 v2.5e Tabular extension package (FMi)
\col@sep=\dimen182
\ar@mcellbox=\box60
\extrarowheight=\dimen183
\NC@list=\toks25
\extratabsurround=\skip58
\backup@length=\skip59
\ar@cellbox=\box61
) (/usr/local/texlive/2021/texmf-dist/tex/latex/tools/calc.sty
Package: calc 2017/05/25 v4.3 Infix arithmetic (KKT,FJ)
\calc@Acount=\count316
\calc@Bcount=\count317
\calc@Adimen=\dimen184
\calc@Bdimen=\dimen185
\calc@Askip=\skip60
\calc@Bskip=\skip61
LaTeX Info: Redefining \setlength on input line 80.
LaTeX Info: Redefining \addtolength on input line 81.
\calc@Ccount=\count318
\calc@Cskip=\skip62
) (/usr/local/texlive/2021/texmf-dist/tex/latex/footnotehyper/footnotehyper.sty
Package: footnotehyper 2021/08/13 v1.1e hyperref aware footnote.sty (JFB)
\FNH@notes=\box62
\FNH@width=\dimen186
\FNH@toks=\toks26
) (/usr/local/texlive/2021/texmf-dist/tex/latex/graphics/graphicx.sty
Package: graphicx 2020/12/05 v1.2c Enhanced LaTeX Graphics (DPC,SPQR)
(/usr/local/texlive/2021/texmf-dist/tex/latex/graphics/graphics.sty
Package: graphics 2021/03/04 v1.4d Standard LaTeX Graphics (DPC,SPQR)
(/usr/local/texlive/2021/texmf-dist/tex/latex/graphics/trig.sty
Package: trig 2016/01/03 v1.10 sin cos tan (DPC)
) (/usr/local/texlive/2021/texmf-dist/tex/latex/graphics-cfg/graphics.cfg
File: graphics.cfg 2016/06/04 v1.11 sample graphics configuration
)
Package graphics Info: Driver file: xetex.def on input line 107.
)
\Gin@req@height=\dimen187
\Gin@req@width=\dimen188
) (/usr/local/texlive/2021/texmf-dist/tex/generic/babel/babel.sty
Package: babel 2021/07/22 3.63 The Babel package
(/usr/local/texlive/2021/texmf-dist/tex/generic/babel/babel.def
File: babel.def 2021/07/22 3.63 Babel common definitions
\babel@savecnt=\count319
\U@D=\dimen189
\l@unhyphenated=\language87
(/usr/local/texlive/2021/texmf-dist/tex/generic/babel/xebabel.def (/usr/local/t
exlive/2021/texmf-dist/tex/generic/babel/txtbabel.def))
\bbl@readstream=\read3
)
\bbl@dirlevel=\count320
(/usr/local/texlive/2021/texmf-dist/tex/generic/babel-french/french.ldf
Language: french 2021/07/20 v3.5m French support from the babel system
Package babel Info: Hyphen rules for 'acadian' set to \l@french
(babel)             (\language29). Reported on input line 91.
Package babel Info: Hyphen rules for 'canadien' set to \l@french
(babel)             (\language29). Reported on input line 92.
\FB@nonchar=\count321
Package french.ldf Info: No need for active punctuation characters
(french.ldf)             with this version of XeTeX!
(french.ldf)             reported on input line 332.
\FB@punctthick=\XeTeXcharclass1
\FB@punctthin=\XeTeXcharclass2
\FB@punctnul=\XeTeXcharclass3
\FB@guilo=\XeTeXcharclass4
\FB@guilf=\XeTeXcharclass5
\FB@guilnul=\XeTeXcharclass6
\FBguill@level=\count322
\FBold@everypar=\toks27
\FB@Mht=\dimen190
\mc@charclass=\count323
\mc@charfam=\count324
\mc@charslot=\count325
\std@mcc=\count326
\dec@mcc=\count327
\listindentFB=\dimen191
\descindentFB=\dimen192
\labelindentFB=\dimen193
\labelwidthFB=\dimen194
\leftmarginFB=\dimen195
\parindentFFN=\dimen196
\FBfnindent=\dimen197
)) (/usr/local/texlive/2021/texmf-dist/tex/latex/carlisle/scalefnt.sty) (/usr/l
ocal/texlive/2021/texmf-dist/tex/latex/setspace/setspace.sty
Package: setspace 2011/12/19 v6.7a set line spacing
) (/usr/local/texlive/2021/texmf-dist/tex/latex/graphics/rotating.sty
Package: rotating 2016/08/11 v2.16d rotated objects in LaTeX
(/usr/local/texlive/2021/texmf-dist/tex/latex/base/ifthen.sty
Package: ifthen 2020/11/24 v1.1c Standard LaTeX ifthen package (DPC)
)
\c@r@tfl@t=\count328
\rotFPtop=\skip63
\rotFPbot=\skip64
\rot@float@box=\box63
\rot@mess@toks=\toks28
) (/usr/local/texlive/2021/texmf-dist/tex/latex/placeins/placeins.sty
Package: placeins 2005/04/18  v 2.2
) (/usr/local/texlive/2021/texmf-dist/tex/latex/hvfloat/hvfloat.sty
Package: hvfloat 2021/07/14 v2.33 special floating objects (hv)
(/usr/local/texlive/2021/texmf-dist/tex/latex/caption/caption.sty
Package: caption 2020/10/26 v3.5g Customizing captions (AR)
(/usr/local/texlive/2021/texmf-dist/tex/latex/caption/caption3.sty
Package: caption3 2020/10/21 v2.2e caption3 kernel (AR)
\captionmargin=\dimen198
\captionmargin@=\dimen199
\captionwidth=\dimen256
\caption@tempdima=\dimen257
\caption@indent=\dimen258
\caption@parindent=\dimen259
\caption@hangindent=\dimen260
Package caption Info: Standard document class detected.
Package caption Info: french babel package is loaded.
)
\c@caption@flags=\count329
\c@continuedfloat=\count330
Package caption Info: hyperref package is loaded.
Package caption Info: longtable package is loaded.
(/usr/local/texlive/2021/texmf-dist/tex/latex/caption/ltcaption.sty
Package: ltcaption 2020/05/30 v1.4b longtable captions (AR)
)
Package caption Info: rotating package is loaded.
) (/usr/local/texlive/2021/texmf-dist/tex/latex/varwidth/varwidth.sty
Package: varwidth 2009/03/30 ver 0.92;  Variable-width minipages
\@vwid@box=\box64
\sift@deathcycles=\count331
\@vwid@loff=\dimen261
\@vwid@roff=\dimen262
) (/usr/local/texlive/2021/texmf-dist/tex/latex/caption/subcaption.sty
Package: subcaption 2020/10/07 v1.3j Sub-captions (AR)
\c@subfigure=\count332
\c@subtable=\count333
) (/usr/local/texlive/2021/texmf-dist/tex/latex/picture/picture.sty
Package: picture 2020-04-22 v1.6 Dimens for picture macros (HO)
Package picture Info: Calculation method: calc.
) (/usr/local/texlive/2021/texmf-dist/tex/latex/adjustbox/trimclip.sty
Package: trimclip 2020/08/19 v1.2 Trim and clip general TeX material
(/usr/local/texlive/2021/texmf-dist/tex/latex/collectbox/collectbox.sty
Package: collectbox 2012/05/17 v0.4b Collect macro arguments as boxes
\collectedbox=\box65
) (/usr/local/texlive/2021/texmf-dist/tex/latex/adjustbox/adjcalc.sty
Package: adjcalc 2012/05/16 v1.1 Provides advanced setlength with multiple back
-ends (calc, etex, pgfmath)
(/usr/local/texlive/2021/texmf-dist/tex/latex/xkeyval/xkeyval.sty
Package: xkeyval 2020/11/20 v2.8 package option processing (HA)
(/usr/local/texlive/2021/texmf-dist/tex/generic/xkeyval/xkeyval.tex (/usr/local
/texlive/2021/texmf-dist/tex/generic/xkeyval/xkvutils.tex
\XKV@toks=\toks29
\XKV@tempa@toks=\toks30
)
\XKV@depth=\count334
File: xkeyval.tex 2014/12/03 v2.7a key=value parser (HA)
)))
\tc@llx=\dimen263
\tc@lly=\dimen264
\tc@urx=\dimen265
\tc@ury=\dimen266
Package trimclip Info: Using driver 'tc-xetex.def'.
(/usr/local/texlive/2021/texmf-dist/tex/latex/adjustbox/tc-xetex.def
File: tc-xetex.def 2019/01/04 v2.2 Clipping driver for xetex
)) (/usr/local/texlive/2021/texmf-dist/tex/latex/multido/multido.sty
Package: multido 2004/05/17 package wrapper for PSTricks `multido.tex', (HV/RN)

(/usr/local/texlive/2021/texmf-dist/tex/generic/multido/multido.tex  v1.42, 201
0/05/14 <tvz>
\multido@count=\count335
\multidocount=\count336
\multido@stuff=\toks31
)
File: multido.tex 2010/05/14 v1.42 `multido' (tvz,hv)
) (/usr/local/texlive/2021/texmf-dist/tex/latex/ifoddpage/ifoddpage.sty
Package: ifoddpage 2016/04/23 v1.1 Conditionals for odd/even page detection
\c@checkoddpage=\count337
) (/usr/local/texlive/2021/texmf-dist/tex/latex/tools/afterpage.sty
Package: afterpage 2014/10/28 v1.08 After-Page Package (DPC)
\AP@output=\toks32
\AP@partial=\box66
\AP@footins=\box67
) (/usr/local/texlive/2021/texmf-dist/tex/latex/sttools/stfloats.sty
Package: stfloats 2017/03/27 v3.3 Improve float mechanism and baselineskip sett
ings
\@dblbotnum=\count338
\c@dblbotnumber=\count339
)
\hvObjectWidth=\skip65
\hvCapWidth=\skip66
\hvWideWidth=\skip67
\hvMultiFloatSkip=\skip68
\hvMaxCapWidth=\skip69
\hvObjectBox=\box68
\hvCaptionBox=\box69
\hvOBox=\box70
\@tempbox=\box71
\hv@caption@box=\box72
\hv@leftBox=\box73
\hv@rightBox=\box74
\hvSet@bindCorrection=\skip70
\hvSet@sepLineskip=\skip71
\hv@leftPageObjectWidth=\skip72
\hv@tempWidthA=\skip73
\hv@tempWidthB=\skip74
\hv@minTextlines=\skip75
\hv@floatCapSep=\skip76
\hvSet@bindCorr=\skip77
\hvAboveCaptionSkip=\skip78
\hvBelowCaptionSkip=\skip79
\hv@dblfptop=\skip80
\hv@fptop=\skip81
\hv@@capPos=\count340
\fboxlinewidth=\skip82
\hv@maxImageWidth=\skip83
\c@hv@tempCNTfigA=\count341
\c@hv@tempCNTfigB=\count342
\c@hv@tempCNTtabA=\count343
\c@hv@tempCNTtabB=\count344
\c@hv@pfigure=\count345
\c@hv@ptable=\count346
\c@subhv@pfigure=\count347
\c@subhv@ptable=\count348
\hv@cnta=\count349
\hv@cntb=\count350
\hv@boxLeftPage=\box75
\hv@boxRightPage=\box76
) (/usr/local/texlive/2021/texmf-dist/tex/latex/tools/multicol.sty
Package: multicol 2019/12/09 v1.8y multicolumn formatting (FMi)
\c@tracingmulticols=\count351
\mult@box=\box77
\multicol@leftmargin=\dimen267
\c@unbalance=\count352
\c@collectmore=\count353
\doublecol@number=\count354
\multicoltolerance=\count355
\multicolpretolerance=\count356
\full@width=\dimen268
\page@free=\dimen269
\premulticols=\dimen270
\postmulticols=\dimen271
\multicolsep=\skip84
\multicolbaselineskip=\skip85
\partial@page=\box78
\last@line=\box79
\maxbalancingoverflow=\dimen272
\mult@rightbox=\box80
\mult@grightbox=\box81
\mult@gfirstbox=\box82
\mult@firstbox=\box83
\@tempa=\box84
\@tempa=\box85
\@tempa=\box86
\@tempa=\box87
\@tempa=\box88
\@tempa=\box89
\@tempa=\box90
\@tempa=\box91
\@tempa=\box92
\@tempa=\box93
\@tempa=\box94
\@tempa=\box95
\@tempa=\box96
\@tempa=\box97
\@tempa=\box98
\@tempa=\box99
\@tempa=\box100
\@tempa=\box101
\@tempa=\box102
\@tempa=\box103
\@tempa=\box104
\@tempa=\box105
\@tempa=\box106
\@tempa=\box107
\@tempa=\box108
\@tempa=\box109
\@tempa=\box110
\@tempa=\box111
\@tempa=\box112
\@tempa=\box113
\@tempa=\box114
\@tempa=\box115
\@tempa=\box116
\@tempa=\box117
\@tempa=\box118
\@tempa=\box119
\@tempa=\box120
\c@minrows=\count357
\c@columnbadness=\count358
\c@finalcolumnbadness=\count359
\last@try=\dimen273
\multicolovershoot=\dimen274
\multicolundershoot=\dimen275
\mult@nat@firstbox=\box121
\colbreak@box=\box122
\mc@col@check@num=\count360
) (/usr/local/texlive/2021/texmf-dist/tex/latex/enumitem/enumitem.sty
Package: enumitem 2019/06/20 v3.9 Customized lists
\labelindent=\skip86
\enit@outerparindent=\dimen276
\enit@toks=\toks33
\enit@inbox=\box123
\enit@count@id=\count361
\enitdp@description=\count362
)

Package fontspec Info: Gill Sans scale = 0.9583979424608359.


Package fontspec Info: Gill Sans scale = 0.9583979424608359.


Package fontspec Info: Gill Sans/B scale = 0.8594788842536386.


Package fontspec Info: Gill Sans/I scale = 0.9450584011696964.


Package fontspec Info: Gill Sans/BI scale = 0.8594788842536386.


Package fontspec Info: Font family 'GillSans(0)' created for font 'Gill Sans'
(fontspec)             with options
(fontspec)             [Scale=MatchLowercase,Ligatures=TeX,Scale=1,Ligatures =
(fontspec)             TeX].
(fontspec)              
(fontspec)              This font family consists of the following NFSS
(fontspec)             series/shapes:
(fontspec)              
(fontspec)             - 'normal' (m/n) with NFSS spec.: <->s*[1]"Gill
(fontspec)             Sans/OT:language=dflt;mapping=tex-text;"
(fontspec)             - 'small caps'  (m/sc) with NFSS spec.: 
(fontspec)             - 'bold' (b/n) with NFSS spec.: <->s*[1]"Gill
(fontspec)             Sans/B/OT:language=dflt;mapping=tex-text;"
(fontspec)             - 'bold small caps'  (b/sc) with NFSS spec.: 
(fontspec)             - 'italic' (m/it) with NFSS spec.: <->s*[1]"Gill
(fontspec)             Sans/I/OT:language=dflt;mapping=tex-text;"
(fontspec)             - 'italic small caps'  (m/scit) with NFSS spec.: 
(fontspec)             - 'bold italic' (b/it) with NFSS spec.: <->s*[1]"Gill
(fontspec)             Sans/BI/OT:language=dflt;mapping=tex-text;"
(fontspec)             - 'bold italic small caps'  (b/scit) with NFSS spec.: 

LaTeX Font Info:    Font shape `TU/GillSans(0)/m/n' will be
(Font)              scaled to size 10.0pt on input line 133.

Package fontspec Info: Gill Sans scale = 0.9999966069604814.


Package fontspec Info: Gill Sans scale = 0.9999966069604814.


Package fontspec Info: Gill Sans/B scale = 0.8967840287730381.


Package fontspec Info: Gill Sans/I scale = 0.986078071205597.


Package fontspec Info: Gill Sans/BI scale = 0.8967840287730381.


Package fontspec Info: Font family 'GillSans(1)' created for font 'Gill Sans'
(fontspec)             with options [Scale=MatchLowercase,Ligatures = TeX].
(fontspec)              
(fontspec)              This font family consists of the following NFSS
(fontspec)             series/shapes:
(fontspec)              
(fontspec)             - 'normal' (m/n) with NFSS spec.:
(fontspec)             <->s*[0.9999966069604814]"Gill
(fontspec)             Sans/OT:language=dflt;mapping=tex-text;"
(fontspec)             - 'small caps'  (m/sc) with NFSS spec.: 
(fontspec)             - 'bold' (b/n) with NFSS spec.:
(fontspec)             <->s*[0.8967840287730381]"Gill
(fontspec)             Sans/B/OT:language=dflt;mapping=tex-text;"
(fontspec)             - 'bold small caps'  (b/sc) with NFSS spec.: 
(fontspec)             - 'italic' (m/it) with NFSS spec.:
(fontspec)             <->s*[0.986078071205597]"Gill
(fontspec)             Sans/I/OT:language=dflt;mapping=tex-text;"
(fontspec)             - 'italic small caps'  (m/scit) with NFSS spec.: 
(fontspec)             - 'bold italic' (b/it) with NFSS spec.:
(fontspec)             <->s*[0.8967840287730381]"Gill
(fontspec)             Sans/BI/OT:language=dflt;mapping=tex-text;"
(fontspec)             - 'bold italic small caps'  (b/scit) with NFSS spec.: 

LaTeX Font Info:    Overwriting math alphabet `\mathrm' in version `normal'
(Font)                  OT1/lmr/m/n --> TU/GillSans(1)/m/n on input line 133.
LaTeX Font Info:    Overwriting math alphabet `\mathit' in version `normal'
(Font)                  OT1/lmr/m/it --> TU/GillSans(1)/m/it on input line 133.

LaTeX Font Info:    Overwriting math alphabet `\mathbf' in version `normal'
(Font)                  OT1/lmr/bx/n --> TU/GillSans(1)/b/n on input line 133.

Package fontspec Info: FiraCode-Regular scale = 0.8327893866824905.


Package fontspec Info: FiraCode-Regular scale = 0.8327893866824905.


Package fontspec Info: Font family 'FiraCode-Regular.ttf(0)' created for font
(fontspec)             'FiraCode-Regular.ttf' with options
(fontspec)             [Scale=MatchLowercase,WordSpace={1,0,0},HyphenChar=None,
PunctuationSpace=WordSpace,Scale=0.85,ExternalLocation={fonts/}].
(fontspec)              
(fontspec)              This font family consists of the following NFSS
(fontspec)             series/shapes:
(fontspec)              
(fontspec)             - 'normal' (m/n) with NFSS spec.:
(fontspec)             <->s*[0.85]"[fonts/FiraCode-Regular.ttf]/OT:script=latn;
language=dflt;"
(fontspec)             - 'small caps'  (m/sc) with NFSS spec.: 
(fontspec)             and font adjustment code:
(fontspec)             \fontdimen 2\font =1\fontdimen 2\font \fontdimen 3\font
(fontspec)             =0\fontdimen 3\font \fontdimen 4\font =0\fontdimen
(fontspec)             4\font \fontdimen 7\font =0\fontdimen 2\font
(fontspec)             \tex_hyphenchar:D \font =-1\scan_stop: 


Package fontspec Info: FiraCode-Regular scale = 0.8327893866824905.


Package fontspec Info: FiraCode-Regular scale = 0.8327893866824905.


Package fontspec Info: Font family 'FiraCode-Regular.ttf(1)' created for font
(fontspec)             'FiraCode-Regular.ttf' with options
(fontspec)             [Scale=MatchLowercase,Scale=0.85,ExternalLocation={fonts
/}].
(fontspec)              
(fontspec)              This font family consists of the following NFSS
(fontspec)             series/shapes:
(fontspec)              
(fontspec)             - 'normal' (m/n) with NFSS spec.:
(fontspec)             <->s*[0.85]"[fonts/FiraCode-Regular.ttf]/OT:script=latn;
language=dflt;"
(fontspec)             - 'small caps'  (m/sc) with NFSS spec.: 

LaTeX Font Info:    Overwriting math alphabet `\mathtt' in version `normal'
(Font)                  OT1/lmtt/m/n --> TU/FiraCode-Regular.ttf(1)/m/n on inpu
t line 134.
LaTeX Font Info:    Overwriting math alphabet `\mathtt' in version `bold'
(Font)                  OT1/lmtt/m/n --> TU/FiraCode-Regular.ttf(1)/b/n on inpu
t line 134.
\cslhangindent=\skip87
\csllabelwidth=\skip88
(./Biometrie2.aux)
\openout1 = `Biometrie2.aux'.

LaTeX Font Info:    Checking defaults for OML/cmm/m/it on input line 163.
LaTeX Font Info:    ... okay on input line 163.
LaTeX Font Info:    Checking defaults for OMS/cmsy/m/n on input line 163.
LaTeX Font Info:    ... okay on input line 163.
LaTeX Font Info:    Checking defaults for OT1/cmr/m/n on input line 163.
LaTeX Font Info:    ... okay on input line 163.
LaTeX Font Info:    Checking defaults for T1/cmr/m/n on input line 163.
LaTeX Font Info:    ... okay on input line 163.
LaTeX Font Info:    Checking defaults for TS1/cmr/m/n on input line 163.
LaTeX Font Info:    ... okay on input line 163.
LaTeX Font Info:    Checking defaults for TU/lmr/m/n on input line 163.
LaTeX Font Info:    ... okay on input line 163.
LaTeX Font Info:    Checking defaults for OMX/cmex/m/n on input line 163.
LaTeX Font Info:    ... okay on input line 163.
LaTeX Font Info:    Checking defaults for U/cmr/m/n on input line 163.
LaTeX Font Info:    ... okay on input line 163.
LaTeX Font Info:    Checking defaults for PD1/pdf/m/n on input line 163.
LaTeX Font Info:    ... okay on input line 163.
LaTeX Font Info:    Checking defaults for PU/pdf/m/n on input line 163.
LaTeX Font Info:    ... okay on input line 163.
LaTeX Font Info:    Overwriting math alphabet `\mathsf' in version `normal'
(Font)                  OT1/lmss/m/n --> TU/lmss/m/n on input line 163.
LaTeX Font Info:    Overwriting math alphabet `\mathsf' in version `bold'
(Font)                  OT1/lmss/bx/n --> TU/lmss/b/n on input line 163.

Package fontspec Info: latinmodern-math scale = 1.043400681864045.


Package fontspec Info: latinmodern-math scale = 1.043400681864045.


Package fontspec Info: latinmodern-math scale = 1.043400681864045.


Package fontspec Info: Font family 'latinmodern-math.otf(0)' created for font
(fontspec)             'latinmodern-math.otf' with options
(fontspec)             [Scale=MatchLowercase,BoldItalicFont={},ItalicFont={},Sm
allCapsFont={},Script=Math,BoldFont={latinmodern-math.otf}].
(fontspec)              
(fontspec)              This font family consists of the following NFSS
(fontspec)             series/shapes:
(fontspec)              
(fontspec)             - 'normal' (m/n) with NFSS spec.:
(fontspec)             <->s*[1.043400681864045]"[latinmodern-math.otf]/OT:scrip
t=math;language=dflt;"
(fontspec)             - 'small caps'  (m/sc) with NFSS spec.: 
(fontspec)             - 'bold' (b/n) with NFSS spec.:
(fontspec)             <->s*[1.043400681864045]"[latinmodern-math.otf]/OT:scrip
t=math;language=dflt;"
(fontspec)             - 'bold small caps'  (b/sc) with NFSS spec.: 

LaTeX Font Info:    Font shape `TU/latinmodern-math.otf(0)/m/n' will be
(Font)              scaled to size 10.43396pt on input line 163.

Package fontspec Info: latinmodern-math scale = 1.043400681864045.


Package fontspec Info: latinmodern-math scale = 1.043400681864045.


Package fontspec Info: latinmodern-math scale = 1.043400681864045.


Package fontspec Info: latinmodern-math scale = 1.043400681864045.


Package fontspec Info: latinmodern-math scale = 1.043400681864045.


Package fontspec Info: Font family 'latinmodern-math.otf(1)' created for font
(fontspec)             'latinmodern-math.otf' with options
(fontspec)             [Scale=MatchLowercase,BoldItalicFont={},ItalicFont={},Sm
allCapsFont={},Script=Math,SizeFeatures={{Size=8.5-},{Size=6-8.5,Font=latinmode
rn-math.otf,Style=MathScript},{Size=-6,Font=latinmodern-math.otf,Style=MathScri
ptScript}},BoldFont={latinmodern-math.otf}].
(fontspec)              
(fontspec)              This font family consists of the following NFSS
(fontspec)             series/shapes:
(fontspec)              
(fontspec)             - 'normal' (m/n) with NFSS spec.:
(fontspec)             <8.5->s*[1.043400681864045]"[latinmodern-math.otf]/OT:sc
ript=math;language=dflt;"<6-8.5>s*[1.043400681864045]"[latinmodern-math.otf]/OT
:script=math;language=dflt;+ssty=0;"<-6>s*[1.043400681864045]"[latinmodern-math
.otf]/OT:script=math;language=dflt;+ssty=1;"
(fontspec)             - 'small caps'  (m/sc) with NFSS spec.: 
(fontspec)             - 'bold' (b/n) with NFSS spec.:
(fontspec)             <->s*[1.043400681864045]"[latinmodern-math.otf]/OT:scrip
t=math;language=dflt;"
(fontspec)             - 'bold small caps'  (b/sc) with NFSS spec.: 

LaTeX Font Info:    Font shape `TU/latinmodern-math.otf(1)/m/n' will be
(Font)              scaled to size 10.43396pt on input line 163.
LaTeX Font Info:    Encoding `OT1' has changed to `TU' for symbol font
(Font)              `operators' in the math version `normal' on input line 163.

LaTeX Font Info:    Overwriting symbol font `operators' in version `normal'
(Font)                  OT1/lmr/m/n --> TU/latinmodern-math.otf(1)/m/n on input
 line 163.
LaTeX Font Info:    Encoding `OT1' has changed to `TU' for symbol font
(Font)              `operators' in the math version `bold' on input line 163.
LaTeX Font Info:    Overwriting symbol font `operators' in version `bold'
(Font)                  OT1/lmr/bx/n --> TU/latinmodern-math.otf(1)/b/n on inpu
t line 163.

Package fontspec Info: latinmodern-math scale = 1.043400681864045.


Package fontspec Info: latinmodern-math scale = 1.043505021932231.


Package fontspec Info: latinmodern-math scale = 1.043400681864045.


Package fontspec Info: latinmodern-math scale = 1.043505021932231.


Package fontspec Info: latinmodern-math scale = 1.043400681864045.


Package fontspec Info: latinmodern-math scale = 1.043505021932231.


Package fontspec Info: latinmodern-math scale = 1.043400681864045.


Package fontspec Info: latinmodern-math scale = 1.043505021932231.


Package fontspec Info: latinmodern-math scale = 1.043400681864045.


Package fontspec Info: latinmodern-math scale = 1.043505021932231.


Package fontspec Info: Font family 'latinmodern-math.otf(2)' created for font
(fontspec)             'latinmodern-math.otf' with options
(fontspec)             [Scale=MatchLowercase,BoldItalicFont={},ItalicFont={},Sm
allCapsFont={},Script=Math,SizeFeatures={{Size=8.5-},{Size=6-8.5,Font=latinmode
rn-math.otf,Style=MathScript},{Size=-6,Font=latinmodern-math.otf,Style=MathScri
ptScript}},BoldFont={latinmodern-math.otf},ScaleAgain=1.0001,FontAdjustment={\f
ontdimen
(fontspec)             8\font =7.0638pt\relax \fontdimen 9\font
(fontspec)             =4.11098pt\relax \fontdimen 10\font =4.63268pt\relax
(fontspec)             \fontdimen 11\font =7.1577pt\relax \fontdimen 12\font
(fontspec)             =3.59972pt\relax \fontdimen 13\font =3.78752pt\relax
(fontspec)             \fontdimen 14\font =3.78752pt\relax \fontdimen 15\font
(fontspec)             =3.01541pt\relax \fontdimen 16\font =2.5772pt\relax
(fontspec)             \fontdimen 17\font =2.5772pt\relax \fontdimen 18\font
(fontspec)             =2.60849pt\relax \fontdimen 19\font =2.08679pt\relax
(fontspec)             \fontdimen 22\font =2.60849pt\relax \fontdimen 20\font
(fontspec)             =0pt\relax \fontdimen 21\font =0pt\relax }].
(fontspec)              
(fontspec)              This font family consists of the following NFSS
(fontspec)             series/shapes:
(fontspec)              
(fontspec)             - 'normal' (m/n) with NFSS spec.:
(fontspec)             <8.5->s*[1.043505021932231]"[latinmodern-math.otf]/OT:sc
ript=math;language=dflt;"<6-8.5>s*[1.043505021932231]"[latinmodern-math.otf]/OT
:script=math;language=dflt;+ssty=0;"<-6>s*[1.043505021932231]"[latinmodern-math
.otf]/OT:script=math;language=dflt;+ssty=1;"
(fontspec)             - 'small caps'  (m/sc) with NFSS spec.: 
(fontspec)             and font adjustment code:
(fontspec)             \fontdimen 8\font =7.0638pt\relax \fontdimen 9\font
(fontspec)             =4.11098pt\relax \fontdimen 10\font =4.63268pt\relax
(fontspec)             \fontdimen 11\font =7.1577pt\relax \fontdimen 12\font
(fontspec)             =3.59972pt\relax \fontdimen 13\font =3.78752pt\relax
(fontspec)             \fontdimen 14\font =3.78752pt\relax \fontdimen 15\font
(fontspec)             =3.01541pt\relax \fontdimen 16\font =2.5772pt\relax
(fontspec)             \fontdimen 17\font =2.5772pt\relax \fontdimen 18\font
(fontspec)             =2.60849pt\relax \fontdimen 19\font =2.08679pt\relax
(fontspec)             \fontdimen 22\font =2.60849pt\relax \fontdimen 20\font
(fontspec)             =0pt\relax \fontdimen 21\font =0pt\relax 
(fontspec)             - 'bold' (b/n) with NFSS spec.:
(fontspec)             <->s*[1.043505021932231]"[latinmodern-math.otf]/OT:scrip
t=math;language=dflt;"
(fontspec)             - 'bold small caps'  (b/sc) with NFSS spec.: 
(fontspec)             and font adjustment code:
(fontspec)             \fontdimen 8\font =7.0638pt\relax \fontdimen 9\font
(fontspec)             =4.11098pt\relax \fontdimen 10\font =4.63268pt\relax
(fontspec)             \fontdimen 11\font =7.1577pt\relax \fontdimen 12\font
(fontspec)             =3.59972pt\relax \fontdimen 13\font =3.78752pt\relax
(fontspec)             \fontdimen 14\font =3.78752pt\relax \fontdimen 15\font
(fontspec)             =3.01541pt\relax \fontdimen 16\font =2.5772pt\relax
(fontspec)             \fontdimen 17\font =2.5772pt\relax \fontdimen 18\font
(fontspec)             =2.60849pt\relax \fontdimen 19\font =2.08679pt\relax
(fontspec)             \fontdimen 22\font =2.60849pt\relax \fontdimen 20\font
(fontspec)             =0pt\relax \fontdimen 21\font =0pt\relax 

LaTeX Font Info:    Encoding `OMS' has changed to `TU' for symbol font
(Font)              `symbols' in the math version `normal' on input line 163.
LaTeX Font Info:    Overwriting symbol font `symbols' in version `normal'
(Font)                  OMS/lmsy/m/n --> TU/latinmodern-math.otf(2)/m/n on inpu
t line 163.
LaTeX Font Info:    Encoding `OMS' has changed to `TU' for symbol font
(Font)              `symbols' in the math version `bold' on input line 163.
LaTeX Font Info:    Overwriting symbol font `symbols' in version `bold'
(Font)                  OMS/lmsy/b/n --> TU/latinmodern-math.otf(2)/b/n on inpu
t line 163.

Package fontspec Info: latinmodern-math scale = 1.043400681864045.


Package fontspec Info: latinmodern-math scale = 1.043296341795859.


Package fontspec Info: latinmodern-math scale = 1.043400681864045.


Package fontspec Info: latinmodern-math scale = 1.043296341795859.


Package fontspec Info: latinmodern-math scale = 1.043400681864045.


Package fontspec Info: latinmodern-math scale = 1.043296341795859.


Package fontspec Info: latinmodern-math scale = 1.043400681864045.


Package fontspec Info: latinmodern-math scale = 1.043296341795859.


Package fontspec Info: latinmodern-math scale = 1.043400681864045.


Package fontspec Info: latinmodern-math scale = 1.043296341795859.


Package fontspec Info: Font family 'latinmodern-math.otf(3)' created for font
(fontspec)             'latinmodern-math.otf' with options
(fontspec)             [Scale=MatchLowercase,BoldItalicFont={},ItalicFont={},Sm
allCapsFont={},Script=Math,SizeFeatures={{Size=8.5-},{Size=6-8.5,Font=latinmode
rn-math.otf,Style=MathScript},{Size=-6,Font=latinmodern-math.otf,Style=MathScri
ptScript}},BoldFont={latinmodern-math.otf},ScaleAgain=0.9999,FontAdjustment={\f
ontdimen
(fontspec)             8\font =0.41736pt\relax \fontdimen 9\font
(fontspec)             =2.08679pt\relax \fontdimen 10\font =1.74248pt\relax
(fontspec)             \fontdimen 11\font =1.15817pt\relax \fontdimen 12\font
(fontspec)             =6.26038pt\relax \fontdimen 13\font =0pt\relax }].
(fontspec)              
(fontspec)              This font family consists of the following NFSS
(fontspec)             series/shapes:
(fontspec)              
(fontspec)             - 'normal' (m/n) with NFSS spec.:
(fontspec)             <8.5->s*[1.043296341795859]"[latinmodern-math.otf]/OT:sc
ript=math;language=dflt;"<6-8.5>s*[1.043296341795859]"[latinmodern-math.otf]/OT
:script=math;language=dflt;+ssty=0;"<-6>s*[1.043296341795859]"[latinmodern-math
.otf]/OT:script=math;language=dflt;+ssty=1;"
(fontspec)             - 'small caps'  (m/sc) with NFSS spec.: 
(fontspec)             and font adjustment code:
(fontspec)             \fontdimen 8\font =0.41736pt\relax \fontdimen 9\font
(fontspec)             =2.08679pt\relax \fontdimen 10\font =1.74248pt\relax
(fontspec)             \fontdimen 11\font =1.15817pt\relax \fontdimen 12\font
(fontspec)             =6.26038pt\relax \fontdimen 13\font =0pt\relax 
(fontspec)             - 'bold' (b/n) with NFSS spec.:
(fontspec)             <->s*[1.043296341795859]"[latinmodern-math.otf]/OT:scrip
t=math;language=dflt;"
(fontspec)             - 'bold small caps'  (b/sc) with NFSS spec.: 
(fontspec)             and font adjustment code:
(fontspec)             \fontdimen 8\font =0.41736pt\relax \fontdimen 9\font
(fontspec)             =2.08679pt\relax \fontdimen 10\font =1.74248pt\relax
(fontspec)             \fontdimen 11\font =1.15817pt\relax \fontdimen 12\font
(fontspec)             =6.26038pt\relax \fontdimen 13\font =0pt\relax 

LaTeX Font Info:    Encoding `OMX' has changed to `TU' for symbol font
(Font)              `largesymbols' in the math version `normal' on input line 1
63.
LaTeX Font Info:    Overwriting symbol font `largesymbols' in version `normal'
(Font)                  OMX/lmex/m/n --> TU/latinmodern-math.otf(3)/m/n on inpu
t line 163.
LaTeX Font Info:    Encoding `OMX' has changed to `TU' for symbol font
(Font)              `largesymbols' in the math version `bold' on input line 163
.
LaTeX Font Info:    Overwriting symbol font `largesymbols' in version `bold'
(Font)                  OMX/lmex/m/n --> TU/latinmodern-math.otf(3)/b/n on inpu
t line 163.
LaTeX Info: Redefining \microtypecontext on input line 163.
Package microtype Info: Character protrusion enabled (level 2).
Package microtype Info: Using protrusion set `basicmath'.
Package microtype Info: No adjustment of tracking.
Package microtype Info: No adjustment of spacing.
Package microtype Info: No adjustment of kerning.
Package microtype Info: Loading generic protrusion settings for font family
(microtype)             `GillSans' (encoding: TU).
(microtype)             For optimal results, create family-specific settings.
(microtype)             See the microtype manual for details.

Package microtype Warning: Unknown slot number of character
(microtype)                `\u A'
(microtype)                in font encoding `TU' in inheritance list
(microtype)                `microtype.cfg/397(protrusion)'.


Package microtype Warning: Unknown slot number of character
(microtype)                `\u a'
(microtype)                in font encoding `TU' in inheritance list
(microtype)                `microtype.cfg/397(protrusion)'.


Package microtype Warning: Unknown slot number of character
(microtype)                `\v C'
(microtype)                in font encoding `TU' in inheritance list
(microtype)                `microtype.cfg/397(protrusion)'.


Package microtype Warning: Unknown slot number of character
(microtype)                `\v c'
(microtype)                in font encoding `TU' in inheritance list
(microtype)                `microtype.cfg/397(protrusion)'.


Package microtype Warning: Unknown slot number of character
(microtype)                `\v D'
(microtype)                in font encoding `TU' in inheritance list
(microtype)                `microtype.cfg/397(protrusion)'.


Package microtype Warning: Unknown slot number of character
(microtype)                `\v d'
(microtype)                in font encoding `TU' in inheritance list
(microtype)                `microtype.cfg/397(protrusion)'.

Package microtype Info: Character `\dj ' is missing
(microtype)             in font `\TU/GillSans(0)/m/n/10'.
(microtype)             Ignoring protrusion settings for this character.

Package microtype Warning: Unknown slot number of character
(microtype)                `\v E'
(microtype)                in font encoding `TU' in inheritance list
(microtype)                `microtype.cfg/397(protrusion)'.


Package microtype Warning: Unknown slot number of character
(microtype)                `\v e'
(microtype)                in font encoding `TU' in inheritance list
(microtype)                `microtype.cfg/397(protrusion)'.


Package microtype Warning: Unknown slot number of character
(microtype)                `\u G'
(microtype)                in font encoding `TU' in inheritance list
(microtype)                `microtype.cfg/397(protrusion)'.


Package microtype Warning: Unknown slot number of character
(microtype)                `\u g'
(microtype)                in font encoding `TU' in inheritance list
(microtype)                `microtype.cfg/397(protrusion)'.


Package microtype Warning: Unknown slot number of character
(microtype)                `\.I'
(microtype)                in font encoding `TU' in inheritance list
(microtype)                `microtype.cfg/397(protrusion)'.


Package microtype Warning: Unknown slot number of character
(microtype)                `\'L'
(microtype)                in font encoding `TU' in inheritance list
(microtype)                `microtype.cfg/397(protrusion)'.


Package microtype Warning: Unknown slot number of character
(microtype)                `\v L'
(microtype)                in font encoding `TU' in inheritance list
(microtype)                `microtype.cfg/397(protrusion)'.


Package microtype Warning: Unknown slot number of character
(microtype)                `\'l'
(microtype)                in font encoding `TU' in inheritance list
(microtype)                `microtype.cfg/397(protrusion)'.


Package microtype Warning: Unknown slot number of character
(microtype)                `\v l'
(microtype)                in font encoding `TU' in inheritance list
(microtype)                `microtype.cfg/397(protrusion)'.


Package microtype Warning: Unknown slot number of character
(microtype)                `\v N'
(microtype)                in font encoding `TU' in inheritance list
(microtype)                `microtype.cfg/397(protrusion)'.


Package microtype Warning: Unknown slot number of character
(microtype)                `\v n'
(microtype)                in font encoding `TU' in inheritance list
(microtype)                `microtype.cfg/397(protrusion)'.


Package microtype Warning: Unknown slot number of character
(microtype)                `\H O'
(microtype)                in font encoding `TU' in inheritance list
(microtype)                `microtype.cfg/397(protrusion)'.


Package microtype Warning: Unknown slot number of character
(microtype)                `\H o'
(microtype)                in font encoding `TU' in inheritance list
(microtype)                `microtype.cfg/397(protrusion)'.


Package microtype Warning: Unknown slot number of character
(microtype)                `\'R'
(microtype)                in font encoding `TU' in inheritance list
(microtype)                `microtype.cfg/397(protrusion)'.


Package microtype Warning: Unknown slot number of character
(microtype)                `\v R'
(microtype)                in font encoding `TU' in inheritance list
(microtype)                `microtype.cfg/397(protrusion)'.


Package microtype Warning: Unknown slot number of character
(microtype)                `\'r'
(microtype)                in font encoding `TU' in inheritance list
(microtype)                `microtype.cfg/397(protrusion)'.


Package microtype Warning: Unknown slot number of character
(microtype)                `\v r'
(microtype)                in font encoding `TU' in inheritance list
(microtype)                `microtype.cfg/397(protrusion)'.


Package microtype Warning: Unknown slot number of character
(microtype)                `\c S'
(microtype)                in font encoding `TU' in inheritance list
(microtype)                `microtype.cfg/397(protrusion)'.


Package microtype Warning: Unknown slot number of character
(microtype)                `\c s'
(microtype)                in font encoding `TU' in inheritance list
(microtype)                `microtype.cfg/397(protrusion)'.


Package microtype Warning: Unknown slot number of character
(microtype)                `\c T'
(microtype)                in font encoding `TU' in inheritance list
(microtype)                `microtype.cfg/397(protrusion)'.


Package microtype Warning: Unknown slot number of character
(microtype)                `\v T'
(microtype)                in font encoding `TU' in inheritance list
(microtype)                `microtype.cfg/397(protrusion)'.


Package microtype Warning: Unknown slot number of character
(microtype)                `\c t'
(microtype)                in font encoding `TU' in inheritance list
(microtype)                `microtype.cfg/397(protrusion)'.


Package microtype Warning: Unknown slot number of character
(microtype)                `\v t'
(microtype)                in font encoding `TU' in inheritance list
(microtype)                `microtype.cfg/397(protrusion)'.


Package microtype Warning: Unknown slot number of character
(microtype)                `\H U'
(microtype)                in font encoding `TU' in inheritance list
(microtype)                `microtype.cfg/397(protrusion)'.


Package microtype Warning: Unknown slot number of character
(microtype)                `\r U'
(microtype)                in font encoding `TU' in inheritance list
(microtype)                `microtype.cfg/397(protrusion)'.


Package microtype Warning: Unknown slot number of character
(microtype)                `\H u'
(microtype)                in font encoding `TU' in inheritance list
(microtype)                `microtype.cfg/397(protrusion)'.


Package microtype Warning: Unknown slot number of character
(microtype)                `\r u'
(microtype)                in font encoding `TU' in inheritance list
(microtype)                `microtype.cfg/397(protrusion)'.

Package hyperref Info: Link coloring ON on input line 163.
(/usr/local/texlive/2021/texmf-dist/tex/latex/hyperref/nameref.sty
Package: nameref 2021-04-02 v2.47 Cross-referencing by name of section
(/usr/local/texlive/2021/texmf-dist/tex/latex/refcount/refcount.sty
Package: refcount 2019/12/15 v3.6 Data extraction from label references (HO)
)
(/usr/local/texlive/2021/texmf-dist/tex/generic/gettitlestring/gettitlestring.s
ty
Package: gettitlestring 2019/12/15 v1.6 Cleanup title references (HO)
)
\c@section@level=\count363
)
LaTeX Info: Redefining \ref on input line 163.
LaTeX Info: Redefining \pageref on input line 163.
LaTeX Info: Redefining \nameref on input line 163.
*geometry* driver: auto-detecting
*geometry* detected driver: xetex
*geometry* verbose mode - [ preamble ] result:
* driver: xetex
* paper: a4paper
* layout: <same size as paper>
* layoutoffset:(h,v)=(0.0pt,0.0pt)
* modes: 
* h-part:(L,W,R)=(106.69783pt, 384.11221pt, 106.69783pt)
* v-part:(T,H,B)=(85.35826pt, 674.33032pt, 85.35826pt)
* \paperwidth=597.50787pt
* \paperheight=845.04684pt
* \textwidth=384.11221pt
* \textheight=674.33032pt
* \oddsidemargin=34.42784pt
* \evensidemargin=34.42784pt
* \topmargin=-23.91173pt
* \headheight=12.0pt
* \headsep=25.0pt
* \topskip=10.0pt
* \footskip=30.0pt
* \marginparwidth=57.0pt
* \marginparsep=11.0pt
* \columnsep=10.0pt
* \skip\footins=9.0pt plus 4.0pt minus 2.0pt
* \hoffset=0.0pt
* \voffset=0.0pt
* \mag=1000
* \@twocolumnfalse
* \@twosidefalse
* \@mparswitchfalse
* \@reversemarginfalse
* (1in=72.27pt=25.4mm, 1cm=28.453pt)

Package footnotehyper Info: babel-french compatibility patch activated.
(footnotehyper)    It may not work with all combinations of classes/packages.
(footnotehyper)    In case of problems with the `footnote' or `footnotetext'
(footnotehyper)    environments, you may try sending to the author a small
(footnotehyper)    file demonstrating the problem.
(footnotehyper)    To turn off this message, add \footnotehyperwarnfalse
(footnotehyper)    to the preamble.
Package french.ldf Info: Setting StandardItemizeEnv=true for
(french.ldf)             compatibility with enumitem package,
(french.ldf)             reported on input line 163.
Package french.ldf Info: Setting StandardEnumerateEnv=true for
(french.ldf)             compatibility with enumitem package,
(french.ldf)             reported on input line 163.
LaTeX Info: Redefining \up on input line 163.
Package caption Info: Begin \AtBeginDocument code.
Package caption Info: End \AtBeginDocument code.
LaTeX Font Info:    Font shape `TU/GillSans(0)/m/n' will be
(Font)              scaled to size 17.28pt on input line 165.
LaTeX Font Info:    Font shape `TU/GillSans(0)/m/n' will be
(Font)              scaled to size 12.0pt on input line 165.
LaTeX Font Info:    Font shape `TU/latinmodern-math.otf(1)/m/n' will be
(Font)              scaled to size 12.52075pt on input line 165.
LaTeX Font Info:    Font shape `TU/latinmodern-math.otf(1)/m/n' will be
(Font)              scaled to size 8.34717pt on input line 165.
LaTeX Font Info:    Font shape `TU/latinmodern-math.otf(1)/m/n' will be
(Font)              scaled to size 6.26038pt on input line 165.
LaTeX Font Info:    Trying to load font information for OML+lmm on input line 1
65.
(/usr/local/texlive/2021/texmf-dist/tex/latex/lm/omllmm.fd
File: omllmm.fd 2015/05/01 v1.6.1 Font defs for Latin Modern
)
LaTeX Font Info:    Font shape `TU/latinmodern-math.otf(2)/m/n' will be
(Font)              scaled to size 12.52203pt on input line 165.
LaTeX Font Info:    Font shape `TU/latinmodern-math.otf(2)/m/n' will be
(Font)              scaled to size 8.34802pt on input line 165.
LaTeX Font Info:    Font shape `TU/latinmodern-math.otf(2)/m/n' will be
(Font)              scaled to size 6.26102pt on input line 165.
LaTeX Font Info:    Font shape `TU/latinmodern-math.otf(3)/m/n' will be
(Font)              scaled to size 12.51947pt on input line 165.
LaTeX Font Info:    Font shape `TU/latinmodern-math.otf(3)/m/n' will be
(Font)              scaled to size 8.34631pt on input line 165.
LaTeX Font Info:    Font shape `TU/latinmodern-math.otf(3)/m/n' will be
(Font)              scaled to size 6.25974pt on input line 165.
LaTeX Font Info:    Trying to load font information for U+msa on input line 165
.
(/usr/local/texlive/2021/texmf-dist/tex/latex/amsfonts/umsa.fd
File: umsa.fd 2013/01/14 v3.01 AMS symbols A
) (/usr/local/texlive/2021/texmf-dist/tex/latex/microtype/mt-msa.cfg
File: mt-msa.cfg 2006/02/04 v1.1 microtype config. file: AMS symbols (a) (RS)
)
LaTeX Font Info:    Trying to load font information for U+msb on input line 165
.
(/usr/local/texlive/2021/texmf-dist/tex/latex/amsfonts/umsb.fd
File: umsb.fd 2013/01/14 v3.01 AMS symbols B
) (/usr/local/texlive/2021/texmf-dist/tex/latex/microtype/mt-msb.cfg
File: mt-msb.cfg 2005/06/01 v1.0 microtype config. file: AMS symbols (b) (RS)
)
LaTeX Font Info:    Font shape `TU/GillSans(0)/m/n' will be
(Font)              scaled to size 14.4pt on input line 169.
LaTeX Font Info:    Font shape `TU/GillSans(0)/b/n' will be
(Font)              scaled to size 14.4pt on input line 169.
(./Biometrie2.toc
LaTeX Font Info:    Font shape `TU/GillSans(0)/b/n' will be
(Font)              scaled to size 10.0pt on input line 2.
LaTeX Font Info:    Font shape `TU/latinmodern-math.otf(1)/m/n' will be
(Font)              scaled to size 7.30377pt on input line 3.
LaTeX Font Info:    Font shape `TU/latinmodern-math.otf(1)/m/n' will be
(Font)              scaled to size 5.21698pt on input line 3.
LaTeX Font Info:    Font shape `TU/latinmodern-math.otf(2)/m/n' will be
(Font)              scaled to size 10.43503pt on input line 3.
LaTeX Font Info:    Font shape `TU/latinmodern-math.otf(2)/m/n' will be
(Font)              scaled to size 7.30452pt on input line 3.
LaTeX Font Info:    Font shape `TU/latinmodern-math.otf(2)/m/n' will be
(Font)              scaled to size 5.21751pt on input line 3.
LaTeX Font Info:    Font shape `TU/latinmodern-math.otf(3)/m/n' will be
(Font)              scaled to size 10.43289pt on input line 3.
LaTeX Font Info:    Font shape `TU/latinmodern-math.otf(3)/m/n' will be
(Font)              scaled to size 7.30302pt on input line 3.
LaTeX Font Info:    Font shape `TU/latinmodern-math.otf(3)/m/n' will be
(Font)              scaled to size 5.21645pt on input line 3.
LaTeX Font Info:    Font shape `TU/FiraCode-Regular.ttf(0)/m/n' will be
(Font)              scaled to size 8.50006pt on input line 22.

LaTeX Font Warning: Font shape `TU/FiraCode-Regular.ttf(0)/b/n' undefined
(Font)              using `TU/FiraCode-Regular.ttf(0)/m/n' instead on input lin
e 31.

LaTeX Font Info:    Font shape `TU/FiraCode-Regular.ttf(0)/b/n' will be
(Font)              scaled to size 8.50006pt on input line 76.
[1

])
\tf@toc=\write4
\openout4 = `Biometrie2.toc'.

LaTeX Font Info:    Font shape `TU/GillSans(0)/b/n' will be
(Font)              scaled to size 12.0pt on input line 175.
[2]
LaTeX Font Info:    Font shape `TU/GillSans(0)/m/it' will be
(Font)              scaled to size 10.0pt on input line 215.
[3] [4]
File: images/Rlogo.png Graphic file (type bmp)
<images/Rlogo.png>
File: images/RStudio-Ball.png Graphic file (type bmp)
<images/RStudio-Ball.png>
File: images/rstudio.png Graphic file (type bmp)
<images/rstudio.png>
[5] [6] [7] [8] [9]
File: figure/unnamed-chunk-5-1.pdf Graphic file (type pdf)
<use figure/unnamed-chunk-5-1.pdf>
[10] [11] [12] [13] [14] [15] [16] [17]
LaTeX Font Info:    Font shape `TU/FiraCode-Regular.ttf(0)/b/n' will be
(Font)              scaled to size 10.20007pt on input line 1079.
[18] [19] [20] [21] [22]
LaTeX Font Info:    Font shape `TU/FiraCode-Regular.ttf(0)/b/n' will be
(Font)              scaled to size 12.24008pt on input line 1427.
[23] [24]

LaTeX Font Warning: Font shape `TU/GillSans(0)/m/sc' undefined
(Font)              using `TU/GillSans(0)/m/n' instead on input line 1499.

LaTeX Font Info:    Font shape `TU/GillSans(0)/m/sc' will be
(Font)              scaled to size 10.0pt on input line 1499.
[25]
File: figure/gapmind-1.pdf Graphic file (type pdf)
<use figure/gapmind-1.pdf>
[26] [27]
File: figure/unnamed-chunk-40-1.pdf Graphic file (type pdf)
<use figure/unnamed-chunk-40-1.pdf>
File: figure/points-1.pdf Graphic file (type pdf)
<use figure/points-1.pdf>
[28] [29]
Overfull \hbox (6.05585pt too wide) in paragraph at lines 1707--1709
[]\TU/GillSans(0)/m/sc/10 le nom du tableau contenant les donnes grce  larg
ument \TU/FiraCode-Regular.ttf(0)/b/n/10 data = alaska_flights 
 []

[30]
File: figure/transparent-1.pdf Graphic file (type pdf)
<use figure/transparent-1.pdf>
[31]
File: figure/transpfactor-1.pdf Graphic file (type pdf)
<use figure/transpfactor-1.pdf>
File: figure/jittering-1.pdf Graphic file (type pdf)
<use figure/jittering-1.pdf>
File: figure/unnamed-chunk-42-1.pdf Graphic file (type pdf)
<use figure/unnamed-chunk-42-1.pdf>
[32] [33]
File: figure/rightcolor-1.pdf Graphic file (type pdf)
<use figure/rightcolor-1.pdf>
File: figure/wrongcolor-1.pdf Graphic file (type pdf)
<use figure/wrongcolor-1.pdf>
File: figure/varcolor-1.pdf Graphic file (type pdf)
<use figure/varcolor-1.pdf>
File: figure/varcolor2-1.pdf Graphic file (type pdf)
<use figure/varcolor2-1.pdf>
[34] [35]
File: figure/shapeplot-1.pdf Graphic file (type pdf)
<use figure/shapeplot-1.pdf>
[36]
File: figure/shapeplot2-1.pdf Graphic file (type pdf)
<use figure/shapeplot2-1.pdf>
File: figure/shapecolorplot-1.pdf Graphic file (type pdf)
<use figure/shapecolorplot-1.pdf>
File: figure/sizeplot-1.pdf Graphic file (type pdf)
<use figure/sizeplot-1.pdf>
[37] [38]
File: figure/badplot-1.pdf Graphic file (type pdf)
<use figure/badplot-1.pdf>
[39]
File: figure/exodiamonds-1.pdf Graphic file (type pdf)
<use figure/exodiamonds-1.pdf>
[40]
File: figure/linegraph-1.pdf Graphic file (type pdf)
<use figure/linegraph-1.pdf>
[41]
File: figure/lineplotgraph-1.pdf Graphic file (type pdf)
<use figure/lineplotgraph-1.pdf>
[42]
File: figure/linecolor-1.pdf Graphic file (type pdf)
<use figure/linecolor-1.pdf>
File: figure/linetype-1.pdf Graphic file (type pdf)
<use figure/linetype-1.pdf>
File: figure/linetypecolor-1.pdf Graphic file (type pdf)
<use figure/linetypecolor-1.pdf>
[43] [44]
File: figure/lineplotgraph2-1.pdf Graphic file (type pdf)
<use figure/lineplotgraph2-1.pdf>
File: figure/wind-1.pdf Graphic file (type pdf)
<use figure/wind-1.pdf>
File: figure/wind2-1.pdf Graphic file (type pdf)
<use figure/wind2-1.pdf>
File: figure/wind3-1.pdf Graphic file (type pdf)
<use figure/wind3-1.pdf>
[45] [46]
File: figure/wind4-1.pdf Graphic file (type pdf)
<use figure/wind4-1.pdf>
[47]
File: figure/unnamed-chunk-47-1.pdf Graphic file (type pdf)
<use figure/unnamed-chunk-47-1.pdf>
File: figure/unnamed-chunk-48-1.pdf Graphic file (type pdf)
<use figure/unnamed-chunk-48-1.pdf>
[48] [49]
File: figure/unnamed-chunk-49-1.pdf Graphic file (type pdf)
<use figure/unnamed-chunk-49-1.pdf>
File: figure/rughist-1.pdf Graphic file (type pdf)
<use figure/rughist-1.pdf>
File: figure/unnamed-chunk-50-1.pdf Graphic file (type pdf)
<use figure/unnamed-chunk-50-1.pdf>
File: figure/irregclasses-1.pdf Graphic file (type pdf)
<use figure/irregclasses-1.pdf>
[50] [51]
File: figure/break-1.pdf Graphic file (type pdf)
<use figure/break-1.pdf>
[52]
File: figure/unnamed-chunk-52-1.pdf Graphic file (type pdf)
<use figure/unnamed-chunk-52-1.pdf>
[53]
File: figure/wrap-1.pdf Graphic file (type pdf)
<use figure/wrap-1.pdf>
[54]
File: figure/grid-1.pdf Graphic file (type pdf)
<use figure/grid-1.pdf>
[55]
File: figure/unnamed-chunk-53-1.pdf Graphic file (type pdf)
<use figure/unnamed-chunk-53-1.pdf>
[56]
File: figure/unnamed-chunk-54-1.pdf Graphic file (type pdf)
<use figure/unnamed-chunk-54-1.pdf>
[57]
File: figure/notchedboxplot-1.pdf Graphic file (type pdf)
<use figure/notchedboxplot-1.pdf>
File: figure/compboxplot-1.pdf Graphic file (type pdf)
<use figure/compboxplot-1.pdf>
[58] [59] [60]
File: figure/barplot-1.pdf Graphic file (type pdf)
<use figure/barplot-1.pdf>
File: figure/barplotcol-1.pdf Graphic file (type pdf)
<use figure/barplotcol-1.pdf>
[61]
File: figure/bpcarrier-1.pdf Graphic file (type pdf)
<use figure/bpcarrier-1.pdf>
[62]
File: figure/bpcarriersorted-1.pdf Graphic file (type pdf)
<use figure/bpcarriersorted-1.pdf>
[63]
File: figure/bpcarriercol-1.pdf Graphic file (type pdf)
<use figure/bpcarriercol-1.pdf>
[64]
File: figure/bpcarriersortedcol-1.pdf Graphic file (type pdf)
<use figure/bpcarriersortedcol-1.pdf>
[65]
File: figure/piechart-1.pdf Graphic file (type pdf)
<use figure/piechart-1.pdf>
[66]
File: figure/stacked-1.pdf Graphic file (type pdf)
<use figure/stacked-1.pdf>
File: figure/stacked2-1.pdf Graphic file (type pdf)
<use figure/stacked2-1.pdf>
[67] [68]
File: figure/dodge-1.pdf Graphic file (type pdf)
<use figure/dodge-1.pdf>
File: figure/barfacet-1.pdf Graphic file (type pdf)
<use figure/barfacet-1.pdf>
[69] [70]
File: figure/varcolorlabel-1.pdf Graphic file (type pdf)
<use figure/varcolorlabel-1.pdf>
[71]
File: figure/varcolorlabel2-1.pdf Graphic file (type pdf)
<use figure/varcolorlabel2-1.pdf>
[72]
File: figure/barfacetbis-1.pdf Graphic file (type pdf)
<use figure/barfacetbis-1.pdf>
File: figure/barfacetgray-1.pdf Graphic file (type pdf)
<use figure/barfacetgray-1.pdf>
File: images/brewer.png Graphic file (type bmp)
<images/brewer.png>
[73] [74] [75]
File: figure/barfacetbrewer-1.pdf Graphic file (type pdf)
<use figure/barfacetbrewer-1.pdf>
File: figure/barfacetviridis-1.pdf Graphic file (type pdf)
<use figure/barfacetviridis-1.pdf>
[76] [77] [78] [79] [80] [81] [82] [83] [84] [85]
File: figure/barfacetmanual-1.pdf Graphic file (type pdf)
<use figure/barfacetmanual-1.pdf>
File: figure/barfacethex-1.pdf Graphic file (type pdf)
<use figure/barfacethex-1.pdf>
[86] [87] [88]
File: figure/varcolorviridis-1.pdf Graphic file (type pdf)
<use figure/varcolorviridis-1.pdf>
File: figure/varcolorviridis2-1.pdf Graphic file (type pdf)
<use figure/varcolorviridis2-1.pdf>
[89]
Underfull \hbox (badness 1077) in paragraph at lines 3803--3804
[]\TU/GillSans(0)/m/sc/10 Si vous ne voulez pas avoir de message derreur, atte
ntion donc,  choisir la fonction
 []

File: figure/theme1-1.pdf Graphic file (type pdf)
<use figure/theme1-1.pdf>
File: figure/themebw-1.pdf Graphic file (type pdf)
<use figure/themebw-1.pdf>
[90] [91] [92]
File: figure/thememinimal-1.pdf Graphic file (type pdf)
<use figure/thememinimal-1.pdf>
[93]
File: figure/themefont-1.pdf Graphic file (type pdf)
<use figure/themefont-1.pdf>
[94]
File: figure/exercice-1.pdf Graphic file (type pdf)
<use figure/exercice-1.pdf>
[95]
File: figure/exercice2-1.pdf Graphic file (type pdf)
<use figure/exercice2-1.pdf>
[96] [97]
File: images/tidy.png Graphic file (type bmp)
<images/tidy.png>
[98]
File: images/gather.png Graphic file (type bmp)
<images/gather.png>
[99] [100]
File: figure/casesbarplot-1.pdf Graphic file (type pdf)
<use figure/casesbarplot-1.pdf>
[101] [102] [103] [104] [105] [106] [107] [108] [109]
File: images/import.png Graphic file (type bmp)
<images/import.png>
File: images/import2.png Graphic file (type bmp)
<images/import2.png>
[110]
File: images/import3.png Graphic file (type bmp)
<images/import3.png>
[111] [112]
File: images/importcsv1.png Graphic file (type bmp)
<images/importcsv1.png>
File: images/importcsv2.png Graphic file (type bmp)
<images/importcsv2.png>
[113] [114]
File: images/importcsv3.png Graphic file (type bmp)
<images/importcsv3.png>
File: images/importcsv4.png Graphic file (type bmp)
<images/importcsv4.png>
[115]
Overfull \hbox (16.91641pt too wide) in paragraph at lines 4936--4936
[]\TU/FiraCode-Regular.ttf(0)/b/n/10 i Specify the column types or set []show_c
ol_types = FALSE[] to quiet this message.[] 
 []


Underfull \hbox (badness 1221) in paragraph at lines 4946--4948
\TU/GillSans(0)/m/sc/10 dautres fonctions selon le format de vos donnes (par 
exemple \TU/FiraCode-Regular.ttf(0)/b/n/10 read_csv() \TU/GillSans(0)/m/sc/10 e
t
 []

[116]
File: figure/exercicedauphin-1.pdf Graphic file (type pdf)
<use figure/exercicedauphin-1.pdf>
[117] [118] [119]
File: figure/unnamed-chunk-92-1.pdf Graphic file (type pdf)
<use figure/unnamed-chunk-92-1.pdf>
[120]
File: images/filter.png Graphic file (type bmp)
<images/filter.png>
[121] [122] [123] [124] [125]
File: images/summarizearrow.png Graphic file (type bmp)
<images/summarizearrow.png>
[126]
File: images/summarize.png Graphic file (type bmp)
<images/summarize.png>
[127]
Underfull \hbox (badness 1019) in paragraph at lines 5561--5562
[]\TU/GillSans(0)/m/sc/10 La fonction devient particulirement puissante lorsqu
elle est combine avec la fonction
 []

File: images/groupby.png Graphic file (type bmp)
<images/groupby.png>
[128] [129]
File: figure/errorbars-1.pdf Graphic file (type pdf)
<use figure/errorbars-1.pdf>
[130]
File: figure/errorbars2-1.pdf Graphic file (type pdf)
<use figure/errorbars2-1.pdf>
[131]
Overfull \hbox (76.19884pt too wide) in paragraph at lines 5749--5749
[][]\TU/FiraCode-Regular.ttf(0)/b/n/10 summarise()[] has grouped output by []or
igin[]. You can override using the [].groups[] argument.[] 
 []

[132]
File: figure/errorbars3-1.pdf Graphic file (type pdf)
<use figure/errorbars3-1.pdf>

Overfull \vbox (0.89902pt too high) detected at line 5819
 []

[133]
File: figure/errorbars4-1.pdf Graphic file (type pdf)
<use figure/errorbars4-1.pdf>

Overfull \hbox (76.19884pt too wide) in paragraph at lines 5844--5844
[][]\TU/FiraCode-Regular.ttf(0)/b/n/10 summarise()[] has grouped output by []or
igin[]. You can override using the [].groups[] argument.[] 
 []

[134] [135] [136]
Overfull \hbox (76.19884pt too wide) in paragraph at lines 5991--5991
[][]\TU/FiraCode-Regular.ttf(0)/b/n/10 summarise()[] has grouped output by []or
igin[]. You can override using the [].groups[] argument.[] 
 []


Overfull \hbox (76.19884pt too wide) in paragraph at lines 6021--6021
[][]\TU/FiraCode-Regular.ttf(0)/b/n/10 summarise()[] has grouped output by []or
igin[]. You can override using the [].groups[] argument.[] 
 []

[137]
File: figure/windspeed-1.pdf Graphic file (type pdf)
<use figure/windspeed-1.pdf>
File: images/select.png Graphic file (type bmp)
<images/select.png>
[138] [139] [140] [141]
File: images/mutate.png Graphic file (type bmp)
<images/mutate.png>
[142] [143] [144]
File: figure/consommation-1.pdf Graphic file (type pdf)
<use figure/consommation-1.pdf>
File: figure/consommation2-1.pdf Graphic file (type pdf)
<use figure/consommation2-1.pdf>
File: images/arrange.png Graphic file (type bmp)
<images/arrange.png>
[145] [146] [147] [148]
Underfull \hbox (badness 7814) in paragraph at lines 6615--6615
[]\TU/GillSans(0)/b/n/12 Associer plusieurs tableaux avec \TU/FiraCode-Regular.
ttf(0)/b/n/12 left_join() \TU/GillSans(0)/b/n/12 et \TU/FiraCode-Regular.ttf(0)
/b/n/12 in-
 []

[149]
File: images/innerjoin.png Graphic file (type bmp)
<images/innerjoin.png>
[150]
File: images/leftjoin.png Graphic file (type bmp)
<images/leftjoin.png>
[151] [152]
Underfull \hbox (badness 2119) in paragraph at lines 6875--6877
[]\TU/GillSans(0)/m/sc/10 Quelles sont les autres possibilits de jointures (\T
U/FiraCode-Regular.ttf(0)/b/n/10 right_join()\TU/GillSans(0)/m/sc/10 , \TU/Fira
Code-Regular.ttf(0)/b/n/10 outer_join()\TU/GillSans(0)/m/sc/10 ,
 []

[153] [154] (./Biometrie2.aux)

LaTeX Font Warning: Some font shapes were not available, defaults substituted.

 )
(\end occurred inside a group at level 1)

### semi simple group (level 1) entered at line 134 (\begingroup)
### bottom level 
Here is how much of TeX's memory you used:
 24622 strings out of 476533
 447052 string characters out of 5818000
 990083 words of memory out of 5000000
 44508 multiletter control sequences out of 15000+600000
 409985 words of font info for 93 fonts, out of 8000000 for 9000
 1348 hyphenation exceptions out of 8191
 87i,9n,123p,1486b,8533s stack positions out of 5000i,500n,10000p,200000b,80000s

Output written on Biometrie2.pdf (154 pages).
